\BOOKMARK [1][-]{section.1}{Introduction}{}% 1
\BOOKMARK [2][-]{subsection.1.1}{Health Status in Structural Models}{section.1}% 2
\BOOKMARK [2][-]{subsection.1.2}{Dynamics of SRHS}{section.1}% 3
\BOOKMARK [2][-]{subsection.1.3}{Latent Health and SRHS}{section.1}% 4
\BOOKMARK [2][-]{subsection.1.4}{Latent Health Literature}{section.1}% 5
\BOOKMARK [1][-]{section.2}{Model \046 Estimation}{}% 6
\BOOKMARK [2][-]{subsection.2.1}{Latent Health Model}{section.2}% 7
\BOOKMARK [2][-]{subsection.2.2}{Estimation Method}{section.2}% 8
\BOOKMARK [2][-]{subsection.2.3}{Identification}{section.2}% 9
\BOOKMARK [1][-]{section.3}{Data}{}% 10
\BOOKMARK [2][-]{subsection.3.1}{MEPS Data}{section.3}% 11
\BOOKMARK [2][-]{subsection.3.2}{HRS Data}{section.3}% 12
\BOOKMARK [2][-]{subsection.3.3}{PSID Data}{section.3}% 13
\BOOKMARK [2][-]{subsection.3.4}{Mixed Data}{section.3}% 14
\BOOKMARK [1][-]{section.4}{Results}{}% 15
\BOOKMARK [2][-]{subsection.4.1}{Parameter Estimates}{section.4}% 16
\BOOKMARK [2][-]{subsection.4.2}{Model Fit}{section.4}% 17
\BOOKMARK [2][-]{subsection.4.3}{External Validity}{section.4}% 18
\BOOKMARK [1][-]{section.5}{Extensions}{}% 19
\BOOKMARK [1][-]{section.6}{Concluding Remarks}{}% 20
